  [1m[35m (9.2ms)[0m  [1m[35mCREATE TABLE "schema_migrations" ("version" varchar NOT NULL PRIMARY KEY)[0m
  [1m[35m (7.6ms)[0m  [1m[35mCREATE TABLE "ar_internal_metadata" ("key" varchar NOT NULL PRIMARY KEY, "value" varchar, "created_at" datetime NOT NULL, "updated_at" datetime NOT NULL)[0m
  [1m[36mActiveRecord::SchemaMigration Load (0.2ms)[0m  [1m[34mSELECT "schema_migrations".* FROM "schema_migrations"[0m
Migrating to DeviseCreateUsers (20170606092554)
  [1m[35m (0.1ms)[0m  [1m[36mbegin transaction[0m
  [1m[35m (0.6ms)[0m  [1m[35mCREATE TABLE "users" ("id" INTEGER PRIMARY KEY AUTOINCREMENT NOT NULL, "email" varchar DEFAULT '' NOT NULL, "encrypted_password" varchar DEFAULT '' NOT NULL, "reset_password_token" varchar, "reset_password_sent_at" datetime, "remember_created_at" datetime, "sign_in_count" integer DEFAULT 0 NOT NULL, "current_sign_in_at" datetime, "last_sign_in_at" datetime, "current_sign_in_ip" varchar, "last_sign_in_ip" varchar, "created_at" datetime NOT NULL, "updated_at" datetime NOT NULL)[0m
  [1m[35m (0.2ms)[0m  [1m[34mselect sqlite_version(*)[0m
  [1m[35m (0.4ms)[0m  [1m[35mCREATE UNIQUE INDEX "index_users_on_email" ON "users" ("email")[0m
  [1m[35m (0.1ms)[0m  [1m[34m            SELECT sql
            FROM sqlite_master
            WHERE name='index_users_on_email' AND type='index'
            UNION ALL
            SELECT sql
            FROM sqlite_temp_master
            WHERE name='index_users_on_email' AND type='index'
[0m
  [1m[35m (0.2ms)[0m  [1m[35mCREATE UNIQUE INDEX "index_users_on_reset_password_token" ON "users" ("reset_password_token")[0m
  [1m[35mSQL (0.2ms)[0m  [1m[32mINSERT INTO "schema_migrations" ("version") VALUES (?)[0m  [["version", "20170606092554"]]
  [1m[35m (8.8ms)[0m  [1m[36mcommit transaction[0m
  [1m[36mActiveRecord::InternalMetadata Load (0.1ms)[0m  [1m[34mSELECT  "ar_internal_metadata".* FROM "ar_internal_metadata" WHERE "ar_internal_metadata"."key" = ? LIMIT ?[0m  [["key", "environment"], ["LIMIT", 1]]
  [1m[35m (0.1ms)[0m  [1m[36mbegin transaction[0m
  [1m[35mSQL (0.8ms)[0m  [1m[32mINSERT INTO "ar_internal_metadata" ("key", "value", "created_at", "updated_at") VALUES (?, ?, ?, ?)[0m  [["key", "environment"], ["value", "development"], ["created_at", "2017-06-06 09:26:21.768307"], ["updated_at", "2017-06-06 09:26:21.768307"]]
  [1m[35m (6.5ms)[0m  [1m[36mcommit transaction[0m
  [1m[36mActiveRecord::SchemaMigration Load (0.1ms)[0m  [1m[34mSELECT "schema_migrations".* FROM "schema_migrations"[0m
  [1m[35m (0.1ms)[0m  [1m[34m            SELECT sql
            FROM sqlite_master
            WHERE name='index_users_on_reset_password_token' AND type='index'
            UNION ALL
            SELECT sql
            FROM sqlite_temp_master
            WHERE name='index_users_on_reset_password_token' AND type='index'
[0m
  [1m[35m (0.1ms)[0m  [1m[34m            SELECT sql
            FROM sqlite_master
            WHERE name='index_users_on_email' AND type='index'
            UNION ALL
            SELECT sql
            FROM sqlite_temp_master
            WHERE name='index_users_on_email' AND type='index'
[0m
  [1m[36mActiveRecord::SchemaMigration Load (0.1ms)[0m  [1m[34mSELECT "schema_migrations".* FROM "schema_migrations"[0m
Migrating to CreateChatRooms (20170606092736)
  [1m[35m (0.1ms)[0m  [1m[36mbegin transaction[0m
  [1m[35m (1.1ms)[0m  [1m[35mCREATE TABLE "chat_rooms" ("id" INTEGER PRIMARY KEY AUTOINCREMENT NOT NULL, "title" varchar, "user_id" integer, "created_at" datetime NOT NULL, "updated_at" datetime NOT NULL)[0m
  [1m[35m (0.1ms)[0m  [1m[34mselect sqlite_version(*)[0m
  [1m[35m (0.2ms)[0m  [1m[35mCREATE  INDEX "index_chat_rooms_on_user_id" ON "chat_rooms" ("user_id")[0m
  [1m[35mSQL (0.2ms)[0m  [1m[32mINSERT INTO "schema_migrations" ("version") VALUES (?)[0m  [["version", "20170606092736"]]
  [1m[35m (8.8ms)[0m  [1m[36mcommit transaction[0m
  [1m[36mActiveRecord::InternalMetadata Load (0.1ms)[0m  [1m[34mSELECT  "ar_internal_metadata".* FROM "ar_internal_metadata" WHERE "ar_internal_metadata"."key" = ? LIMIT ?[0m  [["key", "environment"], ["LIMIT", 1]]
  [1m[35m (0.1ms)[0m  [1m[36mbegin transaction[0m
  [1m[35m (0.1ms)[0m  [1m[36mcommit transaction[0m
  [1m[36mActiveRecord::SchemaMigration Load (0.1ms)[0m  [1m[34mSELECT "schema_migrations".* FROM "schema_migrations"[0m
  [1m[35m (0.1ms)[0m  [1m[34m            SELECT sql
            FROM sqlite_master
            WHERE name='index_chat_rooms_on_user_id' AND type='index'
            UNION ALL
            SELECT sql
            FROM sqlite_temp_master
            WHERE name='index_chat_rooms_on_user_id' AND type='index'
[0m
  [1m[35m (0.1ms)[0m  [1m[34m            SELECT sql
            FROM sqlite_master
            WHERE name='index_users_on_reset_password_token' AND type='index'
            UNION ALL
            SELECT sql
            FROM sqlite_temp_master
            WHERE name='index_users_on_reset_password_token' AND type='index'
[0m
  [1m[35m (0.1ms)[0m  [1m[34m            SELECT sql
            FROM sqlite_master
            WHERE name='index_users_on_email' AND type='index'
            UNION ALL
            SELECT sql
            FROM sqlite_temp_master
            WHERE name='index_users_on_email' AND type='index'
[0m
Started GET "/" for 127.0.0.1 at 2017-06-06 16:32:54 +0700
  [1m[36mActiveRecord::SchemaMigration Load (0.1ms)[0m  [1m[34mSELECT "schema_migrations".* FROM "schema_migrations"[0m
Processing by Rails::WelcomeController#index as HTML
  Parameters: {"internal"=>true}
  Rendering /home/phamhai/.rbenv/versions/2.4.0/lib/ruby/gems/2.4.0/gems/railties-5.0.3/lib/rails/templates/rails/welcome/index.html.erb
  Rendered /home/phamhai/.rbenv/versions/2.4.0/lib/ruby/gems/2.4.0/gems/railties-5.0.3/lib/rails/templates/rails/welcome/index.html.erb (3.4ms)
Completed 200 OK in 18ms (Views: 8.4ms | ActiveRecord: 0.0ms)


Started GET "/chat_rooms/new" for 127.0.0.1 at 2017-06-06 16:33:00 +0700
Processing by ChatRoomsController#new as HTML
Completed 401 Unauthorized in 15ms (ActiveRecord: 0.0ms)


Started GET "/users/sign_in" for 127.0.0.1 at 2017-06-06 16:33:00 +0700
Processing by Devise::SessionsController#new as HTML
  Rendering devise/sessions/new.html.erb within layouts/application
  Rendered devise/shared/_links.html.erb (1.4ms)
  Rendered devise/sessions/new.html.erb within layouts/application (20.2ms)
Completed 200 OK in 4834ms (Views: 4813.4ms | ActiveRecord: 1.1ms)


Started GET "/users/sign_up" for 127.0.0.1 at 2017-06-06 16:33:14 +0700
Processing by Devise::RegistrationsController#new as HTML
  Rendering devise/registrations/new.html.erb within layouts/application
  Rendered devise/shared/_links.html.erb (1.8ms)
  Rendered devise/registrations/new.html.erb within layouts/application (6.0ms)
Completed 200 OK in 50ms (Views: 47.1ms | ActiveRecord: 0.0ms)


Started POST "/users" for 127.0.0.1 at 2017-06-06 16:33:21 +0700
Processing by Devise::RegistrationsController#create as HTML
  Parameters: {"utf8"=>"✓", "authenticity_token"=>"k4WzdHSbfN0xbJ06/RyQnjsR1lxmt3Ov5Ih37Z/w9NwrZNvduZbmEI5eqO34OkvJxFzby1ERN37+kNfJZAjPWw==", "user"=>{"email"=>"pham.haisv@gmail.com", "password"=>"[FILTERED]", "password_confirmation"=>"[FILTERED]"}, "commit"=>"Sign up"}
  [1m[35m (0.1ms)[0m  [1m[36mbegin transaction[0m
  [1m[36mUser Exists (0.2ms)[0m  [1m[34mSELECT  1 AS one FROM "users" WHERE "users"."email" = ? LIMIT ?[0m  [["email", "pham.haisv@gmail.com"], ["LIMIT", 1]]
  [1m[35mSQL (1.1ms)[0m  [1m[32mINSERT INTO "users" ("email", "encrypted_password", "created_at", "updated_at") VALUES (?, ?, ?, ?)[0m  [["email", "pham.haisv@gmail.com"], ["encrypted_password", "$2a$11$MYIqexdRUcjnStWycmW/n.Oq9SN1zTtcWjShSNZ.uaIJ3hQEuh4oK"], ["created_at", "2017-06-06 09:33:21.632055"], ["updated_at", "2017-06-06 09:33:21.632055"]]
  [1m[35m (10.1ms)[0m  [1m[36mcommit transaction[0m
  [1m[35m (0.1ms)[0m  [1m[36mbegin transaction[0m
  [1m[35mSQL (0.3ms)[0m  [1m[33mUPDATE "users" SET "sign_in_count" = ?, "current_sign_in_at" = ?, "last_sign_in_at" = ?, "current_sign_in_ip" = ?, "last_sign_in_ip" = ?, "updated_at" = ? WHERE "users"."id" = ?[0m  [["sign_in_count", 1], ["current_sign_in_at", "2017-06-06 09:33:21.646441"], ["last_sign_in_at", "2017-06-06 09:33:21.646441"], ["current_sign_in_ip", "127.0.0.1"], ["last_sign_in_ip", "127.0.0.1"], ["updated_at", "2017-06-06 09:33:21.647368"], ["id", 1]]
  [1m[35m (7.1ms)[0m  [1m[36mcommit transaction[0m
Redirected to http://0.0.0.0:3000/chat_rooms/new
Completed 302 Found in 240ms (ActiveRecord: 19.0ms)


Started GET "/chat_rooms/new" for 127.0.0.1 at 2017-06-06 16:33:21 +0700
Processing by ChatRoomsController#new as HTML
  [1m[36mUser Load (0.4ms)[0m  [1m[34mSELECT  "users".* FROM "users" WHERE "users"."id" = ? ORDER BY "users"."id" ASC LIMIT ?[0m  [["id", 1], ["LIMIT", 1]]
Completed 406 Not Acceptable in 33ms (ActiveRecord: 1.2ms)


  
ActionController::UnknownFormat (ChatRoomsController#new is missing a template for this request format and variant.

request.formats: ["text/html"]
request.variant: []

NOTE! For XHR/Ajax or API requests, this action would normally respond with 204 No Content: an empty white screen. Since you're loading it in a web browser, we assume that you expected to actually render a template, not nothing, so we're showing an error to be extra-clear. If you expect 204 No Content, carry on. That's what you'll get from an XHR or API request. Give it a shot.):
  
actionpack (5.0.3) lib/action_controller/metal/implicit_render.rb:56:in `default_render'
actionpack (5.0.3) lib/action_controller/metal/basic_implicit_render.rb:4:in `block in send_action'
actionpack (5.0.3) lib/action_controller/metal/basic_implicit_render.rb:4:in `tap'
actionpack (5.0.3) lib/action_controller/metal/basic_implicit_render.rb:4:in `send_action'
actionpack (5.0.3) lib/abstract_controller/base.rb:188:in `process_action'
actionpack (5.0.3) lib/action_controller/metal/rendering.rb:30:in `process_action'
actionpack (5.0.3) lib/abstract_controller/callbacks.rb:20:in `block in process_action'
activesupport (5.0.3) lib/active_support/callbacks.rb:126:in `call'
activesupport (5.0.3) lib/active_support/callbacks.rb:506:in `block (2 levels) in compile'
activesupport (5.0.3) lib/active_support/callbacks.rb:455:in `call'
activesupport (5.0.3) lib/active_support/callbacks.rb:101:in `__run_callbacks__'
activesupport (5.0.3) lib/active_support/callbacks.rb:750:in `_run_process_action_callbacks'
activesupport (5.0.3) lib/active_support/callbacks.rb:90:in `run_callbacks'
actionpack (5.0.3) lib/abstract_controller/callbacks.rb:19:in `process_action'
actionpack (5.0.3) lib/action_controller/metal/rescue.rb:20:in `process_action'
actionpack (5.0.3) lib/action_controller/metal/instrumentation.rb:32:in `block in process_action'
activesupport (5.0.3) lib/active_support/notifications.rb:164:in `block in instrument'
activesupport (5.0.3) lib/active_support/notifications/instrumenter.rb:21:in `instrument'
activesupport (5.0.3) lib/active_support/notifications.rb:164:in `instrument'
actionpack (5.0.3) lib/action_controller/metal/instrumentation.rb:30:in `process_action'
actionpack (5.0.3) lib/action_controller/metal/params_wrapper.rb:248:in `process_action'
activerecord (5.0.3) lib/active_record/railties/controller_runtime.rb:18:in `process_action'
actionpack (5.0.3) lib/abstract_controller/base.rb:126:in `process'
actionview (5.0.3) lib/action_view/rendering.rb:30:in `process'
actionpack (5.0.3) lib/action_controller/metal.rb:190:in `dispatch'
actionpack (5.0.3) lib/action_controller/metal.rb:262:in `dispatch'
actionpack (5.0.3) lib/action_dispatch/routing/route_set.rb:50:in `dispatch'
actionpack (5.0.3) lib/action_dispatch/routing/route_set.rb:32:in `serve'
actionpack (5.0.3) lib/action_dispatch/journey/router.rb:39:in `block in serve'
actionpack (5.0.3) lib/action_dispatch/journey/router.rb:26:in `each'
actionpack (5.0.3) lib/action_dispatch/journey/router.rb:26:in `serve'
actionpack (5.0.3) lib/action_dispatch/routing/route_set.rb:725:in `call'
warden (1.2.7) lib/warden/manager.rb:36:in `block in call'
warden (1.2.7) lib/warden/manager.rb:35:in `catch'
warden (1.2.7) lib/warden/manager.rb:35:in `call'
rack (2.0.3) lib/rack/etag.rb:25:in `call'
rack (2.0.3) lib/rack/conditional_get.rb:25:in `call'
rack (2.0.3) lib/rack/head.rb:12:in `call'
rack (2.0.3) lib/rack/session/abstract/id.rb:232:in `context'
rack (2.0.3) lib/rack/session/abstract/id.rb:226:in `call'
actionpack (5.0.3) lib/action_dispatch/middleware/cookies.rb:613:in `call'
activerecord (5.0.3) lib/active_record/migration.rb:553:in `call'
actionpack (5.0.3) lib/action_dispatch/middleware/callbacks.rb:38:in `block in call'
activesupport (5.0.3) lib/active_support/callbacks.rb:97:in `__run_callbacks__'
activesupport (5.0.3) lib/active_support/callbacks.rb:750:in `_run_call_callbacks'
activesupport (5.0.3) lib/active_support/callbacks.rb:90:in `run_callbacks'
actionpack (5.0.3) lib/action_dispatch/middleware/callbacks.rb:36:in `call'
actionpack (5.0.3) lib/action_dispatch/middleware/executor.rb:12:in `call'
actionpack (5.0.3) lib/action_dispatch/middleware/remote_ip.rb:79:in `call'
actionpack (5.0.3) lib/action_dispatch/middleware/debug_exceptions.rb:49:in `call'
web-console (3.5.1) lib/web_console/middleware.rb:135:in `call_app'
web-console (3.5.1) lib/web_console/middleware.rb:28:in `block in call'
web-console (3.5.1) lib/web_console/middleware.rb:18:in `catch'
web-console (3.5.1) lib/web_console/middleware.rb:18:in `call'
actionpack (5.0.3) lib/action_dispatch/middleware/show_exceptions.rb:31:in `call'
railties (5.0.3) lib/rails/rack/logger.rb:36:in `call_app'
railties (5.0.3) lib/rails/rack/logger.rb:24:in `block in call'
activesupport (5.0.3) lib/active_support/tagged_logging.rb:69:in `block in tagged'
activesupport (5.0.3) lib/active_support/tagged_logging.rb:26:in `tagged'
activesupport (5.0.3) lib/active_support/tagged_logging.rb:69:in `tagged'
railties (5.0.3) lib/rails/rack/logger.rb:24:in `call'
sprockets-rails (3.2.0) lib/sprockets/rails/quiet_assets.rb:13:in `call'
actionpack (5.0.3) lib/action_dispatch/middleware/request_id.rb:24:in `call'
rack (2.0.3) lib/rack/method_override.rb:22:in `call'
rack (2.0.3) lib/rack/runtime.rb:22:in `call'
activesupport (5.0.3) lib/active_support/cache/strategy/local_cache_middleware.rb:28:in `call'
actionpack (5.0.3) lib/action_dispatch/middleware/executor.rb:12:in `call'
actionpack (5.0.3) lib/action_dispatch/middleware/static.rb:136:in `call'
rack (2.0.3) lib/rack/sendfile.rb:111:in `call'
railties (5.0.3) lib/rails/engine.rb:522:in `call'
puma (3.9.1) lib/puma/configuration.rb:224:in `call'
puma (3.9.1) lib/puma/server.rb:602:in `handle_request'
puma (3.9.1) lib/puma/server.rb:435:in `process_client'
puma (3.9.1) lib/puma/server.rb:299:in `block in run'
puma (3.9.1) lib/puma/thread_pool.rb:120:in `block in spawn_thread'
  Rendering /home/phamhai/.rbenv/versions/2.4.0/lib/ruby/gems/2.4.0/gems/actionpack-5.0.3/lib/action_dispatch/middleware/templates/rescues/diagnostics.html.erb within rescues/layout
  Rendering /home/phamhai/.rbenv/versions/2.4.0/lib/ruby/gems/2.4.0/gems/actionpack-5.0.3/lib/action_dispatch/middleware/templates/rescues/_source.html.erb
  Rendered /home/phamhai/.rbenv/versions/2.4.0/lib/ruby/gems/2.4.0/gems/actionpack-5.0.3/lib/action_dispatch/middleware/templates/rescues/_source.html.erb (4.1ms)
  Rendering /home/phamhai/.rbenv/versions/2.4.0/lib/ruby/gems/2.4.0/gems/actionpack-5.0.3/lib/action_dispatch/middleware/templates/rescues/_trace.html.erb
  Rendered /home/phamhai/.rbenv/versions/2.4.0/lib/ruby/gems/2.4.0/gems/actionpack-5.0.3/lib/action_dispatch/middleware/templates/rescues/_trace.html.erb (2.0ms)
  Rendering /home/phamhai/.rbenv/versions/2.4.0/lib/ruby/gems/2.4.0/gems/actionpack-5.0.3/lib/action_dispatch/middleware/templates/rescues/_request_and_response.html.erb
  Rendered /home/phamhai/.rbenv/versions/2.4.0/lib/ruby/gems/2.4.0/gems/actionpack-5.0.3/lib/action_dispatch/middleware/templates/rescues/_request_and_response.html.erb (0.8ms)
  Rendered /home/phamhai/.rbenv/versions/2.4.0/lib/ruby/gems/2.4.0/gems/actionpack-5.0.3/lib/action_dispatch/middleware/templates/rescues/diagnostics.html.erb within rescues/layout (25.3ms)
Started GET "/chat_rooms/new" for 127.0.0.1 at 2017-06-06 16:35:08 +0700
Processing by ChatRoomsController#new as HTML
  [1m[36mUser Load (0.6ms)[0m  [1m[34mSELECT  "users".* FROM "users" WHERE "users"."id" = ? ORDER BY "users"."id" ASC LIMIT ?[0m  [["id", 1], ["LIMIT", 1]]
  Rendering chat_rooms/new.html.erb within layouts/application
  Rendered chat_rooms/new.html.erb within layouts/application (3.3ms)
Completed 200 OK in 82ms (Views: 77.1ms | ActiveRecord: 0.6ms)


Started GET "/" for 127.0.0.1 at 2017-06-06 16:39:37 +0700
Processing by Rails::WelcomeController#index as HTML
  Parameters: {"internal"=>true}
  Rendering /home/phamhai/.rbenv/versions/2.4.0/lib/ruby/gems/2.4.0/gems/railties-5.0.3/lib/rails/templates/rails/welcome/index.html.erb
  Rendered /home/phamhai/.rbenv/versions/2.4.0/lib/ruby/gems/2.4.0/gems/railties-5.0.3/lib/rails/templates/rails/welcome/index.html.erb (2.4ms)
Completed 200 OK in 5ms (Views: 3.5ms | ActiveRecord: 0.0ms)


Started GET "/chat_rooms/new" for 127.0.0.1 at 2017-06-06 16:39:42 +0700
Processing by ChatRoomsController#new as HTML
  [1m[36mUser Load (0.2ms)[0m  [1m[34mSELECT  "users".* FROM "users" WHERE "users"."id" = ? ORDER BY "users"."id" ASC LIMIT ?[0m  [["id", 1], ["LIMIT", 1]]
  Rendering chat_rooms/new.html.erb within layouts/application
  Rendered chat_rooms/new.html.erb within layouts/application (12.6ms)
Completed 500 Internal Server Error in 48ms (ActiveRecord: 1.8ms)


  
ActionView::Template::Error (couldn't find file 'devise_bootstrap_views' with type 'text/css'
Checked in these paths: 
  /home/phamhai/Documents/Study/RubyonRails/ChatAppRails/app/assets/config
  /home/phamhai/Documents/Study/RubyonRails/ChatAppRails/app/assets/images
  /home/phamhai/Documents/Study/RubyonRails/ChatAppRails/app/assets/javascripts
  /home/phamhai/Documents/Study/RubyonRails/ChatAppRails/app/assets/stylesheets
  /home/phamhai/Documents/Study/RubyonRails/ChatAppRails/vendor/assets/javascripts
  /home/phamhai/Documents/Study/RubyonRails/ChatAppRails/vendor/assets/stylesheets
  /home/phamhai/.rbenv/versions/2.4.0/lib/ruby/gems/2.4.0/gems/jquery-rails-4.3.1/vendor/assets/javascripts
  /home/phamhai/.rbenv/versions/2.4.0/lib/ruby/gems/2.4.0/gems/coffee-rails-4.2.2/lib/assets/javascripts
  /home/phamhai/.rbenv/versions/2.4.0/lib/ruby/gems/2.4.0/gems/actioncable-5.0.3/lib/assets/compiled
  /home/phamhai/.rbenv/versions/2.4.0/lib/ruby/gems/2.4.0/gems/turbolinks-source-5.0.3/lib/assets/javascripts
  /home/phamhai/.rbenv/versions/2.4.0/lib/ruby/gems/2.4.0/gems/bootstrap-4.0.0.alpha6/assets/stylesheets
  /home/phamhai/.rbenv/versions/2.4.0/lib/ruby/gems/2.4.0/gems/bootstrap-4.0.0.alpha6/assets/javascripts):
     7:     <title><%= content_for?(:title) ? yield(:title) : "ChatAppRails" %></title>
     8:     <%= csrf_meta_tags %>
     9: 
    10:     <%= stylesheet_link_tag "application", :media => "all" %>
    11: 
    12:     <!-- For third-generation iPad with high-resolution Retina display: -->
    13:     <!-- Size should be 144 x 144 pixels -->
  
app/assets/stylesheets/application.css:13
app/views/layouts/application.html.erb:10:in `_app_views_layouts_application_html_erb___2660507313222584411_70069852568600'
  Rendering /home/phamhai/.rbenv/versions/2.4.0/lib/ruby/gems/2.4.0/gems/actionpack-5.0.3/lib/action_dispatch/middleware/templates/rescues/template_error.html.erb within rescues/layout
  Rendering /home/phamhai/.rbenv/versions/2.4.0/lib/ruby/gems/2.4.0/gems/actionpack-5.0.3/lib/action_dispatch/middleware/templates/rescues/_source.html.erb
  Rendered /home/phamhai/.rbenv/versions/2.4.0/lib/ruby/gems/2.4.0/gems/actionpack-5.0.3/lib/action_dispatch/middleware/templates/rescues/_source.html.erb (8.0ms)
  Rendering /home/phamhai/.rbenv/versions/2.4.0/lib/ruby/gems/2.4.0/gems/actionpack-5.0.3/lib/action_dispatch/middleware/templates/rescues/_trace.html.erb
  Rendered /home/phamhai/.rbenv/versions/2.4.0/lib/ruby/gems/2.4.0/gems/actionpack-5.0.3/lib/action_dispatch/middleware/templates/rescues/_trace.html.erb (2.7ms)
  Rendering /home/phamhai/.rbenv/versions/2.4.0/lib/ruby/gems/2.4.0/gems/actionpack-5.0.3/lib/action_dispatch/middleware/templates/rescues/_request_and_response.html.erb
  Rendered /home/phamhai/.rbenv/versions/2.4.0/lib/ruby/gems/2.4.0/gems/actionpack-5.0.3/lib/action_dispatch/middleware/templates/rescues/_request_and_response.html.erb (0.7ms)
  Rendered /home/phamhai/.rbenv/versions/2.4.0/lib/ruby/gems/2.4.0/gems/actionpack-5.0.3/lib/action_dispatch/middleware/templates/rescues/template_error.html.erb within rescues/layout (26.9ms)
Started GET "/chat_rooms" for 127.0.0.1 at 2017-06-06 16:39:48 +0700
Processing by ChatRoomsController#index as HTML
  [1m[36mUser Load (0.3ms)[0m  [1m[34mSELECT  "users".* FROM "users" WHERE "users"."id" = ? ORDER BY "users"."id" ASC LIMIT ?[0m  [["id", 1], ["LIMIT", 1]]
  Rendering chat_rooms/index.html.erb within layouts/application
  [1m[36mChatRoom Load (0.2ms)[0m  [1m[34mSELECT "chat_rooms".* FROM "chat_rooms"[0m
  Rendered collection of templates [0 times] (0.0ms)
  Rendered chat_rooms/index.html.erb within layouts/application (1.6ms)
Completed 500 Internal Server Error in 13ms (ActiveRecord: 0.5ms)


  
ActionView::Template::Error (couldn't find file 'devise_bootstrap_views' with type 'text/css'
Checked in these paths: 
  /home/phamhai/Documents/Study/RubyonRails/ChatAppRails/app/assets/config
  /home/phamhai/Documents/Study/RubyonRails/ChatAppRails/app/assets/images
  /home/phamhai/Documents/Study/RubyonRails/ChatAppRails/app/assets/javascripts
  /home/phamhai/Documents/Study/RubyonRails/ChatAppRails/app/assets/stylesheets
  /home/phamhai/Documents/Study/RubyonRails/ChatAppRails/vendor/assets/javascripts
  /home/phamhai/Documents/Study/RubyonRails/ChatAppRails/vendor/assets/stylesheets
  /home/phamhai/.rbenv/versions/2.4.0/lib/ruby/gems/2.4.0/gems/jquery-rails-4.3.1/vendor/assets/javascripts
  /home/phamhai/.rbenv/versions/2.4.0/lib/ruby/gems/2.4.0/gems/coffee-rails-4.2.2/lib/assets/javascripts
  /home/phamhai/.rbenv/versions/2.4.0/lib/ruby/gems/2.4.0/gems/actioncable-5.0.3/lib/assets/compiled
  /home/phamhai/.rbenv/versions/2.4.0/lib/ruby/gems/2.4.0/gems/turbolinks-source-5.0.3/lib/assets/javascripts
  /home/phamhai/.rbenv/versions/2.4.0/lib/ruby/gems/2.4.0/gems/bootstrap-4.0.0.alpha6/assets/stylesheets
  /home/phamhai/.rbenv/versions/2.4.0/lib/ruby/gems/2.4.0/gems/bootstrap-4.0.0.alpha6/assets/javascripts):
     7:     <title><%= content_for?(:title) ? yield(:title) : "ChatAppRails" %></title>
     8:     <%= csrf_meta_tags %>
     9: 
    10:     <%= stylesheet_link_tag "application", :media => "all" %>
    11: 
    12:     <!-- For third-generation iPad with high-resolution Retina display: -->
    13:     <!-- Size should be 144 x 144 pixels -->
  
app/assets/stylesheets/application.css:13
app/views/layouts/application.html.erb:10:in `_app_views_layouts_application_html_erb___2660507313222584411_70069857623820'
  Rendering /home/phamhai/.rbenv/versions/2.4.0/lib/ruby/gems/2.4.0/gems/actionpack-5.0.3/lib/action_dispatch/middleware/templates/rescues/template_error.html.erb within rescues/layout
  Rendering /home/phamhai/.rbenv/versions/2.4.0/lib/ruby/gems/2.4.0/gems/actionpack-5.0.3/lib/action_dispatch/middleware/templates/rescues/_source.html.erb
  Rendered /home/phamhai/.rbenv/versions/2.4.0/lib/ruby/gems/2.4.0/gems/actionpack-5.0.3/lib/action_dispatch/middleware/templates/rescues/_source.html.erb (7.1ms)
  Rendering /home/phamhai/.rbenv/versions/2.4.0/lib/ruby/gems/2.4.0/gems/actionpack-5.0.3/lib/action_dispatch/middleware/templates/rescues/_trace.html.erb
  Rendered /home/phamhai/.rbenv/versions/2.4.0/lib/ruby/gems/2.4.0/gems/actionpack-5.0.3/lib/action_dispatch/middleware/templates/rescues/_trace.html.erb (2.5ms)
  Rendering /home/phamhai/.rbenv/versions/2.4.0/lib/ruby/gems/2.4.0/gems/actionpack-5.0.3/lib/action_dispatch/middleware/templates/rescues/_request_and_response.html.erb
  Rendered /home/phamhai/.rbenv/versions/2.4.0/lib/ruby/gems/2.4.0/gems/actionpack-5.0.3/lib/action_dispatch/middleware/templates/rescues/_request_and_response.html.erb (0.7ms)
  Rendered /home/phamhai/.rbenv/versions/2.4.0/lib/ruby/gems/2.4.0/gems/actionpack-5.0.3/lib/action_dispatch/middleware/templates/rescues/template_error.html.erb within rescues/layout (25.6ms)
Started GET "/chat_rooms" for 127.0.0.1 at 2017-06-06 16:40:05 +0700
Processing by ChatRoomsController#index as HTML
  [1m[36mUser Load (0.5ms)[0m  [1m[34mSELECT  "users".* FROM "users" WHERE "users"."id" = ? ORDER BY "users"."id" ASC LIMIT ?[0m  [["id", 1], ["LIMIT", 1]]
  Rendering chat_rooms/index.html.erb within layouts/application
  [1m[36mChatRoom Load (0.2ms)[0m  [1m[34mSELECT "chat_rooms".* FROM "chat_rooms"[0m
  Rendered collection of templates [0 times] (0.0ms)
  Rendered chat_rooms/index.html.erb within layouts/application (2.3ms)
Completed 500 Internal Server Error in 23ms (ActiveRecord: 0.8ms)


  
ActionView::Template::Error (couldn't find file 'devise_bootstrap_views' with type 'text/css'
Checked in these paths: 
  /home/phamhai/Documents/Study/RubyonRails/ChatAppRails/app/assets/config
  /home/phamhai/Documents/Study/RubyonRails/ChatAppRails/app/assets/images
  /home/phamhai/Documents/Study/RubyonRails/ChatAppRails/app/assets/javascripts
  /home/phamhai/Documents/Study/RubyonRails/ChatAppRails/app/assets/stylesheets
  /home/phamhai/Documents/Study/RubyonRails/ChatAppRails/vendor/assets/javascripts
  /home/phamhai/Documents/Study/RubyonRails/ChatAppRails/vendor/assets/stylesheets
  /home/phamhai/.rbenv/versions/2.4.0/lib/ruby/gems/2.4.0/gems/jquery-rails-4.3.1/vendor/assets/javascripts
  /home/phamhai/.rbenv/versions/2.4.0/lib/ruby/gems/2.4.0/gems/coffee-rails-4.2.2/lib/assets/javascripts
  /home/phamhai/.rbenv/versions/2.4.0/lib/ruby/gems/2.4.0/gems/actioncable-5.0.3/lib/assets/compiled
  /home/phamhai/.rbenv/versions/2.4.0/lib/ruby/gems/2.4.0/gems/turbolinks-source-5.0.3/lib/assets/javascripts
  /home/phamhai/.rbenv/versions/2.4.0/lib/ruby/gems/2.4.0/gems/bootstrap-4.0.0.alpha6/assets/stylesheets
  /home/phamhai/.rbenv/versions/2.4.0/lib/ruby/gems/2.4.0/gems/bootstrap-4.0.0.alpha6/assets/javascripts):
     7:     <title><%= content_for?(:title) ? yield(:title) : "ChatAppRails" %></title>
     8:     <%= csrf_meta_tags %>
     9: 
    10:     <%= stylesheet_link_tag "application", :media => "all" %>
    11: 
    12:     <!-- For third-generation iPad with high-resolution Retina display: -->
    13:     <!-- Size should be 144 x 144 pixels -->
  
app/assets/stylesheets/application.css:13
app/views/layouts/application.html.erb:10:in `_app_views_layouts_application_html_erb___2660507313222584411_70069863951980'
  Rendering /home/phamhai/.rbenv/versions/2.4.0/lib/ruby/gems/2.4.0/gems/actionpack-5.0.3/lib/action_dispatch/middleware/templates/rescues/template_error.html.erb within rescues/layout
  Rendering /home/phamhai/.rbenv/versions/2.4.0/lib/ruby/gems/2.4.0/gems/actionpack-5.0.3/lib/action_dispatch/middleware/templates/rescues/_source.html.erb
  Rendered /home/phamhai/.rbenv/versions/2.4.0/lib/ruby/gems/2.4.0/gems/actionpack-5.0.3/lib/action_dispatch/middleware/templates/rescues/_source.html.erb (7.0ms)
  Rendering /home/phamhai/.rbenv/versions/2.4.0/lib/ruby/gems/2.4.0/gems/actionpack-5.0.3/lib/action_dispatch/middleware/templates/rescues/_trace.html.erb
  Rendered /home/phamhai/.rbenv/versions/2.4.0/lib/ruby/gems/2.4.0/gems/actionpack-5.0.3/lib/action_dispatch/middleware/templates/rescues/_trace.html.erb (3.1ms)
  Rendering /home/phamhai/.rbenv/versions/2.4.0/lib/ruby/gems/2.4.0/gems/actionpack-5.0.3/lib/action_dispatch/middleware/templates/rescues/_request_and_response.html.erb
  Rendered /home/phamhai/.rbenv/versions/2.4.0/lib/ruby/gems/2.4.0/gems/actionpack-5.0.3/lib/action_dispatch/middleware/templates/rescues/_request_and_response.html.erb (1.2ms)
  Rendered /home/phamhai/.rbenv/versions/2.4.0/lib/ruby/gems/2.4.0/gems/actionpack-5.0.3/lib/action_dispatch/middleware/templates/rescues/template_error.html.erb within rescues/layout (27.0ms)
Started GET "/" for 127.0.0.1 at 2017-06-06 16:41:05 +0700
Processing by Rails::WelcomeController#index as HTML
  Parameters: {"internal"=>true}
  Rendering /home/phamhai/.rbenv/versions/2.4.0/lib/ruby/gems/2.4.0/gems/railties-5.0.3/lib/rails/templates/rails/welcome/index.html.erb
  Rendered /home/phamhai/.rbenv/versions/2.4.0/lib/ruby/gems/2.4.0/gems/railties-5.0.3/lib/rails/templates/rails/welcome/index.html.erb (2.8ms)
Completed 200 OK in 8ms (Views: 4.4ms | ActiveRecord: 0.0ms)


Started GET "/chat_rooms" for 127.0.0.1 at 2017-06-06 16:41:14 +0700
Processing by ChatRoomsController#index as HTML
  [1m[36mUser Load (0.3ms)[0m  [1m[34mSELECT  "users".* FROM "users" WHERE "users"."id" = ? ORDER BY "users"."id" ASC LIMIT ?[0m  [["id", 1], ["LIMIT", 1]]
  Rendering chat_rooms/index.html.erb within layouts/application
  [1m[36mChatRoom Load (0.1ms)[0m  [1m[34mSELECT "chat_rooms".* FROM "chat_rooms"[0m
  Rendered collection of templates [0 times] (0.0ms)
  Rendered chat_rooms/index.html.erb within layouts/application (1.4ms)
Completed 500 Internal Server Error in 14ms (ActiveRecord: 0.5ms)


  
ActionView::Template::Error (couldn't find file 'devise_bootstrap_views' with type 'text/css'
Checked in these paths: 
  /home/phamhai/Documents/Study/RubyonRails/ChatAppRails/app/assets/config
  /home/phamhai/Documents/Study/RubyonRails/ChatAppRails/app/assets/images
  /home/phamhai/Documents/Study/RubyonRails/ChatAppRails/app/assets/javascripts
  /home/phamhai/Documents/Study/RubyonRails/ChatAppRails/app/assets/stylesheets
  /home/phamhai/Documents/Study/RubyonRails/ChatAppRails/vendor/assets/javascripts
  /home/phamhai/Documents/Study/RubyonRails/ChatAppRails/vendor/assets/stylesheets
  /home/phamhai/.rbenv/versions/2.4.0/lib/ruby/gems/2.4.0/gems/jquery-rails-4.3.1/vendor/assets/javascripts
  /home/phamhai/.rbenv/versions/2.4.0/lib/ruby/gems/2.4.0/gems/coffee-rails-4.2.2/lib/assets/javascripts
  /home/phamhai/.rbenv/versions/2.4.0/lib/ruby/gems/2.4.0/gems/actioncable-5.0.3/lib/assets/compiled
  /home/phamhai/.rbenv/versions/2.4.0/lib/ruby/gems/2.4.0/gems/turbolinks-source-5.0.3/lib/assets/javascripts
  /home/phamhai/.rbenv/versions/2.4.0/lib/ruby/gems/2.4.0/gems/bootstrap-4.0.0.alpha6/assets/stylesheets
  /home/phamhai/.rbenv/versions/2.4.0/lib/ruby/gems/2.4.0/gems/bootstrap-4.0.0.alpha6/assets/javascripts):
     7:     <title><%= content_for?(:title) ? yield(:title) : "ChatAppRails" %></title>
     8:     <%= csrf_meta_tags %>
     9: 
    10:     <%= stylesheet_link_tag "application", :media => "all" %>
    11: 
    12:     <!-- For third-generation iPad with high-resolution Retina display: -->
    13:     <!-- Size should be 144 x 144 pixels -->
  
app/assets/stylesheets/application.css:13
app/views/layouts/application.html.erb:10:in `_app_views_layouts_application_html_erb___2660507313222584411_70069846370220'
  Rendering /home/phamhai/.rbenv/versions/2.4.0/lib/ruby/gems/2.4.0/gems/actionpack-5.0.3/lib/action_dispatch/middleware/templates/rescues/template_error.html.erb within rescues/layout
  Rendering /home/phamhai/.rbenv/versions/2.4.0/lib/ruby/gems/2.4.0/gems/actionpack-5.0.3/lib/action_dispatch/middleware/templates/rescues/_source.html.erb
  Rendered /home/phamhai/.rbenv/versions/2.4.0/lib/ruby/gems/2.4.0/gems/actionpack-5.0.3/lib/action_dispatch/middleware/templates/rescues/_source.html.erb (9.1ms)
  Rendering /home/phamhai/.rbenv/versions/2.4.0/lib/ruby/gems/2.4.0/gems/actionpack-5.0.3/lib/action_dispatch/middleware/templates/rescues/_trace.html.erb
  Rendered /home/phamhai/.rbenv/versions/2.4.0/lib/ruby/gems/2.4.0/gems/actionpack-5.0.3/lib/action_dispatch/middleware/templates/rescues/_trace.html.erb (2.3ms)
  Rendering /home/phamhai/.rbenv/versions/2.4.0/lib/ruby/gems/2.4.0/gems/actionpack-5.0.3/lib/action_dispatch/middleware/templates/rescues/_request_and_response.html.erb
  Rendered /home/phamhai/.rbenv/versions/2.4.0/lib/ruby/gems/2.4.0/gems/actionpack-5.0.3/lib/action_dispatch/middleware/templates/rescues/_request_and_response.html.erb (1.1ms)
  Rendered /home/phamhai/.rbenv/versions/2.4.0/lib/ruby/gems/2.4.0/gems/actionpack-5.0.3/lib/action_dispatch/middleware/templates/rescues/template_error.html.erb within rescues/layout (30.9ms)
Started GET "/chat_rooms" for 127.0.0.1 at 2017-06-06 16:42:17 +0700
Processing by ChatRoomsController#index as HTML
  [1m[36mUser Load (0.2ms)[0m  [1m[34mSELECT  "users".* FROM "users" WHERE "users"."id" = ? ORDER BY "users"."id" ASC LIMIT ?[0m  [["id", 1], ["LIMIT", 1]]
  Rendering chat_rooms/index.html.erb within layouts/application
  [1m[36mChatRoom Load (0.2ms)[0m  [1m[34mSELECT "chat_rooms".* FROM "chat_rooms"[0m
  Rendered collection of templates [0 times] (0.0ms)
  Rendered chat_rooms/index.html.erb within layouts/application (1.2ms)
Completed 500 Internal Server Error in 9ms (ActiveRecord: 0.4ms)


  
ActionView::Template::Error (couldn't find file 'devise_bootstrap_views' with type 'text/css'
Checked in these paths: 
  /home/phamhai/Documents/Study/RubyonRails/ChatAppRails/app/assets/config
  /home/phamhai/Documents/Study/RubyonRails/ChatAppRails/app/assets/images
  /home/phamhai/Documents/Study/RubyonRails/ChatAppRails/app/assets/javascripts
  /home/phamhai/Documents/Study/RubyonRails/ChatAppRails/app/assets/stylesheets
  /home/phamhai/Documents/Study/RubyonRails/ChatAppRails/vendor/assets/javascripts
  /home/phamhai/Documents/Study/RubyonRails/ChatAppRails/vendor/assets/stylesheets
  /home/phamhai/.rbenv/versions/2.4.0/lib/ruby/gems/2.4.0/gems/jquery-rails-4.3.1/vendor/assets/javascripts
  /home/phamhai/.rbenv/versions/2.4.0/lib/ruby/gems/2.4.0/gems/coffee-rails-4.2.2/lib/assets/javascripts
  /home/phamhai/.rbenv/versions/2.4.0/lib/ruby/gems/2.4.0/gems/actioncable-5.0.3/lib/assets/compiled
  /home/phamhai/.rbenv/versions/2.4.0/lib/ruby/gems/2.4.0/gems/turbolinks-source-5.0.3/lib/assets/javascripts
  /home/phamhai/.rbenv/versions/2.4.0/lib/ruby/gems/2.4.0/gems/bootstrap-4.0.0.alpha6/assets/stylesheets
  /home/phamhai/.rbenv/versions/2.4.0/lib/ruby/gems/2.4.0/gems/bootstrap-4.0.0.alpha6/assets/javascripts):
     7:     <title><%= content_for?(:title) ? yield(:title) : "ChatAppRails" %></title>
     8:     <%= csrf_meta_tags %>
     9: 
    10:     <%= stylesheet_link_tag "application", :media => "all" %>
    11: 
    12:     <!-- For third-generation iPad with high-resolution Retina display: -->
    13:     <!-- Size should be 144 x 144 pixels -->
  
app/assets/stylesheets/application.css:13
app/views/layouts/application.html.erb:10:in `_app_views_layouts_application_html_erb___2660507313222584411_70069862765180'
  Rendering /home/phamhai/.rbenv/versions/2.4.0/lib/ruby/gems/2.4.0/gems/actionpack-5.0.3/lib/action_dispatch/middleware/templates/rescues/template_error.html.erb within rescues/layout
  Rendering /home/phamhai/.rbenv/versions/2.4.0/lib/ruby/gems/2.4.0/gems/actionpack-5.0.3/lib/action_dispatch/middleware/templates/rescues/_source.html.erb
  Rendered /home/phamhai/.rbenv/versions/2.4.0/lib/ruby/gems/2.4.0/gems/actionpack-5.0.3/lib/action_dispatch/middleware/templates/rescues/_source.html.erb (6.3ms)
  Rendering /home/phamhai/.rbenv/versions/2.4.0/lib/ruby/gems/2.4.0/gems/actionpack-5.0.3/lib/action_dispatch/middleware/templates/rescues/_trace.html.erb
  Rendered /home/phamhai/.rbenv/versions/2.4.0/lib/ruby/gems/2.4.0/gems/actionpack-5.0.3/lib/action_dispatch/middleware/templates/rescues/_trace.html.erb (2.6ms)
  Rendering /home/phamhai/.rbenv/versions/2.4.0/lib/ruby/gems/2.4.0/gems/actionpack-5.0.3/lib/action_dispatch/middleware/templates/rescues/_request_and_response.html.erb
  Rendered /home/phamhai/.rbenv/versions/2.4.0/lib/ruby/gems/2.4.0/gems/actionpack-5.0.3/lib/action_dispatch/middleware/templates/rescues/_request_and_response.html.erb (1.2ms)
  Rendered /home/phamhai/.rbenv/versions/2.4.0/lib/ruby/gems/2.4.0/gems/actionpack-5.0.3/lib/action_dispatch/middleware/templates/rescues/template_error.html.erb within rescues/layout (26.7ms)
Started GET "/chat_rooms" for 127.0.0.1 at 2017-06-06 16:42:28 +0700
  [1m[36mActiveRecord::SchemaMigration Load (0.2ms)[0m  [1m[34mSELECT "schema_migrations".* FROM "schema_migrations"[0m
Processing by ChatRoomsController#index as HTML
  [1m[36mUser Load (0.2ms)[0m  [1m[34mSELECT  "users".* FROM "users" WHERE "users"."id" = ? ORDER BY "users"."id" ASC LIMIT ?[0m  [["id", 1], ["LIMIT", 1]]
  Rendering chat_rooms/index.html.erb within layouts/application
  [1m[36mChatRoom Load (0.1ms)[0m  [1m[34mSELECT "chat_rooms".* FROM "chat_rooms"[0m
  Rendered collection of templates [0 times] (0.0ms)
  Rendered chat_rooms/index.html.erb within layouts/application (8.5ms)
Completed 200 OK in 944ms (Views: 909.2ms | ActiveRecord: 1.8ms)


Started GET "/images/favicon.ico" for 127.0.0.1 at 2017-06-06 16:42:29 +0700
  
ActionController::RoutingError (No route matches [GET] "/images/favicon.ico"):
  
actionpack (5.0.3) lib/action_dispatch/middleware/debug_exceptions.rb:53:in `call'
web-console (3.5.1) lib/web_console/middleware.rb:135:in `call_app'
web-console (3.5.1) lib/web_console/middleware.rb:28:in `block in call'
web-console (3.5.1) lib/web_console/middleware.rb:18:in `catch'
web-console (3.5.1) lib/web_console/middleware.rb:18:in `call'
actionpack (5.0.3) lib/action_dispatch/middleware/show_exceptions.rb:31:in `call'
railties (5.0.3) lib/rails/rack/logger.rb:36:in `call_app'
railties (5.0.3) lib/rails/rack/logger.rb:24:in `block in call'
activesupport (5.0.3) lib/active_support/tagged_logging.rb:69:in `block in tagged'
activesupport (5.0.3) lib/active_support/tagged_logging.rb:26:in `tagged'
activesupport (5.0.3) lib/active_support/tagged_logging.rb:69:in `tagged'
railties (5.0.3) lib/rails/rack/logger.rb:24:in `call'
sprockets-rails (3.2.0) lib/sprockets/rails/quiet_assets.rb:13:in `call'
actionpack (5.0.3) lib/action_dispatch/middleware/request_id.rb:24:in `call'
rack (2.0.3) lib/rack/method_override.rb:22:in `call'
rack (2.0.3) lib/rack/runtime.rb:22:in `call'
activesupport (5.0.3) lib/active_support/cache/strategy/local_cache_middleware.rb:28:in `call'
actionpack (5.0.3) lib/action_dispatch/middleware/executor.rb:12:in `call'
actionpack (5.0.3) lib/action_dispatch/middleware/static.rb:136:in `call'
rack (2.0.3) lib/rack/sendfile.rb:111:in `call'
railties (5.0.3) lib/rails/engine.rb:522:in `call'
puma (3.9.1) lib/puma/configuration.rb:224:in `call'
puma (3.9.1) lib/puma/server.rb:602:in `handle_request'
puma (3.9.1) lib/puma/server.rb:435:in `process_client'
puma (3.9.1) lib/puma/server.rb:299:in `block in run'
puma (3.9.1) lib/puma/thread_pool.rb:120:in `block in spawn_thread'
  Rendering /home/phamhai/.rbenv/versions/2.4.0/lib/ruby/gems/2.4.0/gems/actionpack-5.0.3/lib/action_dispatch/middleware/templates/rescues/routing_error.html.erb within rescues/layout
  Rendering /home/phamhai/.rbenv/versions/2.4.0/lib/ruby/gems/2.4.0/gems/actionpack-5.0.3/lib/action_dispatch/middleware/templates/rescues/_trace.html.erb
  Rendered /home/phamhai/.rbenv/versions/2.4.0/lib/ruby/gems/2.4.0/gems/actionpack-5.0.3/lib/action_dispatch/middleware/templates/rescues/_trace.html.erb (1.4ms)
  Rendered collection of /home/phamhai/.rbenv/versions/2.4.0/lib/ruby/gems/2.4.0/gems/actionpack-5.0.3/lib/action_dispatch/middleware/templates/routes/_route.html.erb [23 times] (15.8ms)
  Rendered /home/phamhai/.rbenv/versions/2.4.0/lib/ruby/gems/2.4.0/gems/actionpack-5.0.3/lib/action_dispatch/middleware/templates/routes/_table.html.erb (6.6ms)
  Rendering /home/phamhai/.rbenv/versions/2.4.0/lib/ruby/gems/2.4.0/gems/actionpack-5.0.3/lib/action_dispatch/middleware/templates/rescues/_request_and_response.html.erb
  Rendered /home/phamhai/.rbenv/versions/2.4.0/lib/ruby/gems/2.4.0/gems/actionpack-5.0.3/lib/action_dispatch/middleware/templates/rescues/_request_and_response.html.erb (1.1ms)
  Rendered /home/phamhai/.rbenv/versions/2.4.0/lib/ruby/gems/2.4.0/gems/actionpack-5.0.3/lib/action_dispatch/middleware/templates/rescues/routing_error.html.erb within rescues/layout (46.0ms)
  [1m[36mActiveRecord::SchemaMigration Load (0.1ms)[0m  [1m[34mSELECT "schema_migrations".* FROM "schema_migrations"[0m
Migrating to CreateMessages (20170606094344)
  [1m[35m (0.1ms)[0m  [1m[36mbegin transaction[0m
  [1m[35m (0.8ms)[0m  [1m[35mCREATE TABLE "messages" ("id" INTEGER PRIMARY KEY AUTOINCREMENT NOT NULL, "body" text, "user_id" integer, "chat_room_id" integer, "created_at" datetime NOT NULL, "updated_at" datetime NOT NULL)[0m
  [1m[35m (0.2ms)[0m  [1m[34mselect sqlite_version(*)[0m
  [1m[35m (0.3ms)[0m  [1m[35mCREATE  INDEX "index_messages_on_user_id" ON "messages" ("user_id")[0m
  [1m[35m (0.1ms)[0m  [1m[34m            SELECT sql
            FROM sqlite_master
            WHERE name='index_messages_on_user_id' AND type='index'
            UNION ALL
            SELECT sql
            FROM sqlite_temp_master
            WHERE name='index_messages_on_user_id' AND type='index'
[0m
  [1m[35m (0.2ms)[0m  [1m[35mCREATE  INDEX "index_messages_on_chat_room_id" ON "messages" ("chat_room_id")[0m
  [1m[35mSQL (0.2ms)[0m  [1m[32mINSERT INTO "schema_migrations" ("version") VALUES (?)[0m  [["version", "20170606094344"]]
  [1m[35m (9.3ms)[0m  [1m[36mcommit transaction[0m
  [1m[36mActiveRecord::InternalMetadata Load (0.2ms)[0m  [1m[34mSELECT  "ar_internal_metadata".* FROM "ar_internal_metadata" WHERE "ar_internal_metadata"."key" = ? LIMIT ?[0m  [["key", "environment"], ["LIMIT", 1]]
  [1m[35m (0.1ms)[0m  [1m[36mbegin transaction[0m
  [1m[35m (0.0ms)[0m  [1m[36mcommit transaction[0m
  [1m[36mActiveRecord::SchemaMigration Load (0.1ms)[0m  [1m[34mSELECT "schema_migrations".* FROM "schema_migrations"[0m
  [1m[35m (0.1ms)[0m  [1m[34m            SELECT sql
            FROM sqlite_master
            WHERE name='index_chat_rooms_on_user_id' AND type='index'
            UNION ALL
            SELECT sql
            FROM sqlite_temp_master
            WHERE name='index_chat_rooms_on_user_id' AND type='index'
[0m
  [1m[35m (0.1ms)[0m  [1m[34m            SELECT sql
            FROM sqlite_master
            WHERE name='index_messages_on_chat_room_id' AND type='index'
            UNION ALL
            SELECT sql
            FROM sqlite_temp_master
            WHERE name='index_messages_on_chat_room_id' AND type='index'
[0m
  [1m[35m (0.1ms)[0m  [1m[34m            SELECT sql
            FROM sqlite_master
            WHERE name='index_messages_on_user_id' AND type='index'
            UNION ALL
            SELECT sql
            FROM sqlite_temp_master
            WHERE name='index_messages_on_user_id' AND type='index'
[0m
  [1m[35m (0.1ms)[0m  [1m[34m            SELECT sql
            FROM sqlite_master
            WHERE name='index_users_on_reset_password_token' AND type='index'
            UNION ALL
            SELECT sql
            FROM sqlite_temp_master
            WHERE name='index_users_on_reset_password_token' AND type='index'
[0m
  [1m[35m (0.1ms)[0m  [1m[34m            SELECT sql
            FROM sqlite_master
            WHERE name='index_users_on_email' AND type='index'
            UNION ALL
            SELECT sql
            FROM sqlite_temp_master
            WHERE name='index_users_on_email' AND type='index'
[0m
Started GET "/" for 127.0.0.1 at 2017-06-06 16:50:45 +0700
  [1m[36mActiveRecord::SchemaMigration Load (0.1ms)[0m  [1m[34mSELECT "schema_migrations".* FROM "schema_migrations"[0m
Processing by ChatRoomsController#index as HTML
  [1m[36mUser Load (0.2ms)[0m  [1m[34mSELECT  "users".* FROM "users" WHERE "users"."id" = ? ORDER BY "users"."id" ASC LIMIT ?[0m  [["id", 1], ["LIMIT", 1]]
  Rendering chat_rooms/index.html.erb within layouts/application
  [1m[36mChatRoom Load (0.3ms)[0m  [1m[34mSELECT "chat_rooms".* FROM "chat_rooms"[0m
  Rendered collection of templates [0 times] (0.0ms)
  Rendered chat_rooms/index.html.erb within layouts/application (2.6ms)
Completed 500 Internal Server Error in 72ms (ActiveRecord: 1.5ms)


  
ActionView::Template::Error (File to import not found or unreadable: bootstrap-sprockets.
Load paths:
  /home/phamhai/Documents/Study/RubyonRails/ChatAppRails/app/assets/config
  /home/phamhai/Documents/Study/RubyonRails/ChatAppRails/app/assets/images
  /home/phamhai/Documents/Study/RubyonRails/ChatAppRails/app/assets/javascripts
  /home/phamhai/Documents/Study/RubyonRails/ChatAppRails/app/assets/stylesheets
  /home/phamhai/Documents/Study/RubyonRails/ChatAppRails/vendor/assets/javascripts
  /home/phamhai/Documents/Study/RubyonRails/ChatAppRails/vendor/assets/stylesheets
  /home/phamhai/.rbenv/versions/2.4.0/lib/ruby/gems/2.4.0/gems/jquery-rails-4.3.1/vendor/assets/javascripts
  /home/phamhai/.rbenv/versions/2.4.0/lib/ruby/gems/2.4.0/gems/coffee-rails-4.2.2/lib/assets/javascripts
  /home/phamhai/.rbenv/versions/2.4.0/lib/ruby/gems/2.4.0/gems/devise-bootstrap-views-0.0.11/app/assets/stylesheets
  /home/phamhai/.rbenv/versions/2.4.0/lib/ruby/gems/2.4.0/gems/twitter-bootstrap-rails-4.0.0/app/assets/fonts
  /home/phamhai/.rbenv/versions/2.4.0/lib/ruby/gems/2.4.0/gems/twitter-bootstrap-rails-4.0.0/app/assets/javascripts
  /home/phamhai/.rbenv/versions/2.4.0/lib/ruby/gems/2.4.0/gems/twitter-bootstrap-rails-4.0.0/app/assets/stylesheets
  /home/phamhai/.rbenv/versions/2.4.0/lib/ruby/gems/2.4.0/gems/twitter-bootstrap-rails-4.0.0/vendor/assets/stylesheets
  /home/phamhai/.rbenv/versions/2.4.0/lib/ruby/gems/2.4.0/gems/actioncable-5.0.3/lib/assets/compiled
  /home/phamhai/.rbenv/versions/2.4.0/lib/ruby/gems/2.4.0/gems/turbolinks-source-5.0.3/lib/assets/javascripts):
     7:     <title><%= content_for?(:title) ? yield(:title) : "ChatAppRails" %></title>
     8:     <%= csrf_meta_tags %>
     9: 
    10:     <%= stylesheet_link_tag "application", :media => "all" %>
    11: 
    12:     <!-- For third-generation iPad with high-resolution Retina display: -->
    13:     <!-- Size should be 144 x 144 pixels -->
  
app/assets/stylesheets/custom.css.scss:1
app/views/layouts/application.html.erb:10:in `_app_views_layouts_application_html_erb___292782398985191122_70328021907140'
  Rendering /home/phamhai/.rbenv/versions/2.4.0/lib/ruby/gems/2.4.0/gems/actionpack-5.0.3/lib/action_dispatch/middleware/templates/rescues/template_error.html.erb within rescues/layout
  Rendering /home/phamhai/.rbenv/versions/2.4.0/lib/ruby/gems/2.4.0/gems/actionpack-5.0.3/lib/action_dispatch/middleware/templates/rescues/_source.html.erb
  Rendered /home/phamhai/.rbenv/versions/2.4.0/lib/ruby/gems/2.4.0/gems/actionpack-5.0.3/lib/action_dispatch/middleware/templates/rescues/_source.html.erb (7.9ms)
  Rendering /home/phamhai/.rbenv/versions/2.4.0/lib/ruby/gems/2.4.0/gems/actionpack-5.0.3/lib/action_dispatch/middleware/templates/rescues/_trace.html.erb
  Rendered /home/phamhai/.rbenv/versions/2.4.0/lib/ruby/gems/2.4.0/gems/actionpack-5.0.3/lib/action_dispatch/middleware/templates/rescues/_trace.html.erb (2.8ms)
  Rendering /home/phamhai/.rbenv/versions/2.4.0/lib/ruby/gems/2.4.0/gems/actionpack-5.0.3/lib/action_dispatch/middleware/templates/rescues/_request_and_response.html.erb
  Rendered /home/phamhai/.rbenv/versions/2.4.0/lib/ruby/gems/2.4.0/gems/actionpack-5.0.3/lib/action_dispatch/middleware/templates/rescues/_request_and_response.html.erb (0.7ms)
  Rendered /home/phamhai/.rbenv/versions/2.4.0/lib/ruby/gems/2.4.0/gems/actionpack-5.0.3/lib/action_dispatch/middleware/templates/rescues/template_error.html.erb within rescues/layout (27.2ms)
Started GET "/" for 127.0.0.1 at 2017-06-06 16:51:09 +0700
  [1m[36mActiveRecord::SchemaMigration Load (0.2ms)[0m  [1m[34mSELECT "schema_migrations".* FROM "schema_migrations"[0m
Processing by ChatRoomsController#index as HTML
  [1m[36mUser Load (0.1ms)[0m  [1m[34mSELECT  "users".* FROM "users" WHERE "users"."id" = ? ORDER BY "users"."id" ASC LIMIT ?[0m  [["id", 1], ["LIMIT", 1]]
  Rendering chat_rooms/index.html.erb within layouts/application
  [1m[36mChatRoom Load (0.1ms)[0m  [1m[34mSELECT "chat_rooms".* FROM "chat_rooms"[0m
  Rendered collection of templates [0 times] (0.0ms)
  Rendered chat_rooms/index.html.erb within layouts/application (5.7ms)
Completed 200 OK in 3683ms (Views: 3651.1ms | ActiveRecord: 1.2ms)


Started GET "/chat_rooms/new" for 127.0.0.1 at 2017-06-06 16:51:14 +0700
Processing by ChatRoomsController#new as HTML
  [1m[36mUser Load (0.7ms)[0m  [1m[34mSELECT  "users".* FROM "users" WHERE "users"."id" = ? ORDER BY "users"."id" ASC LIMIT ?[0m  [["id", 1], ["LIMIT", 1]]
  Rendering chat_rooms/new.html.erb within layouts/application
  Rendered chat_rooms/new.html.erb within layouts/application (167.6ms)
Completed 200 OK in 269ms (Views: 255.0ms | ActiveRecord: 2.2ms)


Started POST "/chat_rooms" for 127.0.0.1 at 2017-06-06 16:51:18 +0700
Processing by ChatRoomsController#create as HTML
  Parameters: {"utf8"=>"✓", "authenticity_token"=>"30nSo4y+IKKbRpM1LliIH7FQKzrlWfX+7gA/iSYTSyoUylwzNfKRmWZnxVc0CCNwXSY4JOtnjRfUtIAYTO+bCg==", "chat_room"=>{"title"=>"Chat room 1"}, "commit"=>"Add!"}
  [1m[36mUser Load (0.4ms)[0m  [1m[34mSELECT  "users".* FROM "users" WHERE "users"."id" = ? ORDER BY "users"."id" ASC LIMIT ?[0m  [["id", 1], ["LIMIT", 1]]
  [1m[35m (0.1ms)[0m  [1m[36mbegin transaction[0m
  [1m[35mSQL (0.4ms)[0m  [1m[32mINSERT INTO "chat_rooms" ("title", "user_id", "created_at", "updated_at") VALUES (?, ?, ?, ?)[0m  [["title", "Chat room 1"], ["user_id", 1], ["created_at", "2017-06-06 09:51:18.592082"], ["updated_at", "2017-06-06 09:51:18.592082"]]
  [1m[35m (7.5ms)[0m  [1m[36mcommit transaction[0m
Completed 500 Internal Server Error in 241ms (ActiveRecord: 8.4ms)


  
NameError (undefined local variable or method `chat_rooms_params' for #<ChatRoomsController:0x007f7ba2b3b468>
Did you mean?  chat_room_params
               chat_rooms_path
               chat_rooms_url
               chat_room_path):
  
app/controllers/chat_rooms_controller.rb:15:in `create'
  Rendering /home/phamhai/.rbenv/versions/2.4.0/lib/ruby/gems/2.4.0/gems/actionpack-5.0.3/lib/action_dispatch/middleware/templates/rescues/diagnostics.html.erb within rescues/layout
  Rendering /home/phamhai/.rbenv/versions/2.4.0/lib/ruby/gems/2.4.0/gems/actionpack-5.0.3/lib/action_dispatch/middleware/templates/rescues/_source.html.erb
  Rendered /home/phamhai/.rbenv/versions/2.4.0/lib/ruby/gems/2.4.0/gems/actionpack-5.0.3/lib/action_dispatch/middleware/templates/rescues/_source.html.erb (4.9ms)
  Rendering /home/phamhai/.rbenv/versions/2.4.0/lib/ruby/gems/2.4.0/gems/actionpack-5.0.3/lib/action_dispatch/middleware/templates/rescues/_trace.html.erb
  Rendered /home/phamhai/.rbenv/versions/2.4.0/lib/ruby/gems/2.4.0/gems/actionpack-5.0.3/lib/action_dispatch/middleware/templates/rescues/_trace.html.erb (2.2ms)
  Rendering /home/phamhai/.rbenv/versions/2.4.0/lib/ruby/gems/2.4.0/gems/actionpack-5.0.3/lib/action_dispatch/middleware/templates/rescues/_request_and_response.html.erb
  Rendered /home/phamhai/.rbenv/versions/2.4.0/lib/ruby/gems/2.4.0/gems/actionpack-5.0.3/lib/action_dispatch/middleware/templates/rescues/_request_and_response.html.erb (1.1ms)
  Rendered /home/phamhai/.rbenv/versions/2.4.0/lib/ruby/gems/2.4.0/gems/actionpack-5.0.3/lib/action_dispatch/middleware/templates/rescues/diagnostics.html.erb within rescues/layout (93.6ms)
Started GET "/chat_rooms" for 127.0.0.1 at 2017-06-06 16:51:39 +0700
Processing by ChatRoomsController#index as HTML
  [1m[36mUser Load (0.2ms)[0m  [1m[34mSELECT  "users".* FROM "users" WHERE "users"."id" = ? ORDER BY "users"."id" ASC LIMIT ?[0m  [["id", 1], ["LIMIT", 1]]
  Rendering chat_rooms/index.html.erb within layouts/application
  [1m[36mChatRoom Load (0.2ms)[0m  [1m[34mSELECT "chat_rooms".* FROM "chat_rooms"[0m
  Rendered collection of chat_rooms/_chat_room.html.erb [1 times] (0.7ms)
  Rendered chat_rooms/index.html.erb within layouts/application (12.5ms)
Completed 200 OK in 158ms (Views: 128.5ms | ActiveRecord: 2.2ms)


Started GET "/chat_rooms/1" for 127.0.0.1 at 2017-06-06 16:51:41 +0700
Processing by ChatRoomsController#show as HTML
  Parameters: {"id"=>"1"}
  [1m[36mUser Load (0.3ms)[0m  [1m[34mSELECT  "users".* FROM "users" WHERE "users"."id" = ? ORDER BY "users"."id" ASC LIMIT ?[0m  [["id", 1], ["LIMIT", 1]]
  [1m[36mChatRoom Load (0.3ms)[0m  [1m[34mSELECT  "chat_rooms".* FROM "chat_rooms" WHERE "chat_rooms"."id" = ? LIMIT ?[0m  [["id", 1], ["LIMIT", 1]]
  [1m[36mMessage Load (0.1ms)[0m  [1m[34mSELECT "messages".* FROM "messages" WHERE "messages"."chat_room_id" = 1[0m
  Rendering chat_rooms/show.html.erb within layouts/application
  Rendered collection of templates [0 times] (0.0ms)
  Rendered chat_rooms/show.html.erb within layouts/application (0.7ms)
Completed 200 OK in 137ms (Views: 104.8ms | ActiveRecord: 1.0ms)


